---
driver=<class 'textual.drivers.windows_driver.WindowsDriver'>
Load() >>> AniTUI(title='Textual')
event monitor constructed
event monitor thread started
Mount() >>> AniTUI(title='Anime TUI')
Mount() >>> DockView(name='DockView#1')
view.forwarded Key(key='j')
Key(key='j') >>> AniTUI(title='Anime TUI')
Key(key='j') >>> AniTUI(title='Anime TUI')
view.forwarded Key(key='j')
Key(key='j') >>> AniTUI(title='Anime TUI')
Key(key='j') >>> AniTUI(title='Anime TUI')
view.forwarded Key(key='j')
Key(key='j') >>> AniTUI(title='Anime TUI')
Key(key='j') >>> AniTUI(title='Anime TUI')
view.forwarded Key(key='j')
Key(key='j') >>> AniTUI(title='Anime TUI')
Key(key='j') >>> AniTUI(title='Anime TUI')
view.forwarded Key(key='j')
Key(key='j') >>> AniTUI(title='Anime TUI')
Key(key='j') >>> AniTUI(title='Anime TUI')
view.forwarded Key(key='j')
Key(key='j') >>> AniTUI(title='Anime TUI')
Key(key='j') >>> AniTUI(title='Anime TUI')
view.forwarded Key(key='j')
Key(key='j') >>> AniTUI(title='Anime TUI')
Key(key='j') >>> AniTUI(title='Anime TUI')
view.forwarded Key(key='enter')
Key(key='enter') >>> AniTUI(title='Anime TUI')
Key(key='enter') >>> AniTUI(title='Anime TUI')
Leave() >>> Footer(keys=[])
Leave() >>> Footer(keys=[])
view.forwarded Key(key='ctrl+@')
Key(key='ctrl+@') >>> AniTUI(title='Anime TUI')
Key(key='ctrl+@') >>> AniTUI(title='Anime TUI')
